2024-05-07 10:26:44 Loading main app package /usr/lib/obsidian/obsidian.asar
2024-05-07 10:26:44 Checking for update using Github
2024-05-07 10:26:44 Success.
2024-05-07 10:26:44 Latest version is 1.5.12
2024-05-07 10:26:44 App is up to date.
2024-05-07 10:39:58 Loading main app package /usr/lib/obsidian/obsidian.asar
2024-05-07 10:39:58 Checking for update using Github
2024-05-07 10:39:58 Success.
2024-05-07 10:39:58 Latest version is 1.5.12
2024-05-07 10:39:58 App is up to date.
2024-05-07 11:39:58 Checking for update using Github
2024-05-07 11:39:58 Success.
2024-05-07 11:39:58 Latest version is 1.5.12
2024-05-07 11:39:58 App is up to date.
2025-06-07 22:31:54 Loading main app package /usr/lib/obsidian/obsidian.asar
2025-06-07 22:31:55 Checking for update using Github
2025-06-07 22:31:55 Success.
2025-06-07 22:31:55 Latest version is 1.8.10
2025-06-07 22:31:55 App is up to date.
2025-06-07 22:33:10 Loading main app package /usr/lib/obsidian/obsidian.asar
2025-06-07 22:33:10 Checking for update using Github
2025-06-07 22:33:10 Success.
2025-06-07 22:33:10 Latest version is 1.8.10
2025-06-07 22:33:10 App is up to date.
2025-06-07 22:42:27 Loading main app package /usr/lib/obsidian/obsidian.asar
2025-06-07 22:42:27 Checking for update using Github
2025-06-07 22:42:27 Success.
2025-06-07 22:42:27 Latest version is 1.8.10
2025-06-07 22:42:27 App is up to date.
2025-06-08 12:36:19 Loading main app package /usr/lib/obsidian/obsidian.asar
2025-06-08 12:36:19 Checking for update using Github
2025-06-08 12:36:19 Success.
2025-06-08 12:36:19 Latest version is 1.8.10
2025-06-08 12:36:19 App is up to date.
2025-06-08 13:36:19 Checking for update using Github
2025-06-08 13:36:19 Success.
2025-06-08 13:36:19 Latest version is 1.8.10
2025-06-08 13:36:19 App is up to date.
2025-06-08 14:36:19 Checking for update using Github
2025-06-08 14:36:19 Success.
2025-06-08 14:36:19 Latest version is 1.8.10
2025-06-08 14:36:19 App is up to date.
2025-06-08 15:36:19 Checking for update using Github
2025-06-08 15:36:19 Success.
2025-06-08 15:36:19 Latest version is 1.8.10
2025-06-08 15:36:19 App is up to date.
2025-06-08 16:36:19 Checking for update using Github
2025-06-08 16:36:19 Success.
2025-06-08 16:36:19 Latest version is 1.8.10
2025-06-08 16:36:19 App is up to date.
2025-06-08 17:36:19 Checking for update using Github
2025-06-08 17:36:19 Success.
2025-06-08 17:36:19 Latest version is 1.8.10
2025-06-08 17:36:19 App is up to date.
2025-06-08 18:36:19 Checking for update using Github
2025-06-08 18:36:19 Success.
2025-06-08 18:36:19 Latest version is 1.8.10
2025-06-08 18:36:19 App is up to date.
2025-06-08 19:36:19 Checking for update using Github
2025-06-08 19:36:19 Success.
2025-06-08 19:36:19 Latest version is 1.8.10
2025-06-08 19:36:19 App is up to date.
2025-06-08 20:36:19 Checking for update using Github
2025-06-08 20:36:19 Success.
2025-06-08 20:36:19 Latest version is 1.8.10
2025-06-08 20:36:19 App is up to date.
2025-06-08 21:36:19 Checking for update using Github
2025-06-08 21:36:19 Success.
2025-06-08 21:36:19 Latest version is 1.8.10
2025-06-08 21:36:19 App is up to date.
2025-06-08 22:36:19 Checking for update using Github
2025-06-08 22:36:19 Success.
2025-06-08 22:36:19 Latest version is 1.8.10
2025-06-08 22:36:19 App is up to date.
2025-06-08 23:36:19 Checking for update using Github
2025-06-08 23:36:19 Success.
2025-06-08 23:36:19 Latest version is 1.8.10
2025-06-08 23:36:19 App is up to date.
2025-06-09 00:36:19 Checking for update using Github
2025-06-09 00:36:19 Success.
2025-06-09 00:36:19 Latest version is 1.8.10
2025-06-09 00:36:19 App is up to date.
2025-06-09 12:13:07 Loading main app package /usr/lib/obsidian/obsidian.asar
2025-06-09 12:13:08 Checking for update using Github
2025-06-09 12:13:08 Success.
2025-06-09 12:13:08 Latest version is 1.8.10
2025-06-09 12:13:08 App is up to date.
2025-06-09 13:13:07 Checking for update using Github
2025-06-09 13:13:08 Success.
2025-06-09 13:13:08 Latest version is 1.8.10
2025-06-09 13:13:08 App is up to date.
2025-06-09 14:13:07 Checking for update using Github
2025-06-09 14:13:08 Success.
2025-06-09 14:13:08 Latest version is 1.8.10
2025-06-09 14:13:08 App is up to date.
2025-06-09 15:13:07 Checking for update using Github
2025-06-09 15:13:08 Success.
2025-06-09 15:13:08 Latest version is 1.8.10
2025-06-09 15:13:08 App is up to date.
2025-06-09 16:13:07 Checking for update using Github
2025-06-09 16:13:08 Success.
2025-06-09 16:13:08 Latest version is 1.8.10
2025-06-09 16:13:08 App is up to date.
2025-06-09 17:13:07 Checking for update using Github
2025-06-09 17:13:08 Success.
2025-06-09 17:13:08 Latest version is 1.8.10
2025-06-09 17:13:08 App is up to date.
